<?xml version="1.0" encoding="UTF-8"?>
<!-- Generated by org.testng.reporters.JUnitReportReporter -->
<testsuite hostname="DESKTOP-G6SQ24B" failures="0" tests="1" name="testscripts.LoginTest" time="19.640" errors="0" timestamp="2025-03-09T11:36:35 IST" skipped="0">
  <testcase classname="testscripts.LoginTest" name="verifyLoginForValidCredentials" time="19.640"/>
  <system-out/>
</testsuite> <!-- testscripts.LoginTest -->
