<?xml version="1.0" encoding="UTF-8"?>
<!-- Generated by org.testng.reporters.JUnitReportReporter -->
<testsuite hostname="DESKTOP-G6SQ24B" failures="0" tests="1" name="testscripts.smoke.functional.LoginTest" time="25.377" errors="0" timestamp="2025-03-09T12:51:15 IST" skipped="0">
  <testcase classname="testscripts.smoke.functional.LoginTest" name="verifyLoginForValidCredentials" time="25.377"/>
  <system-out/>
</testsuite> <!-- testscripts.smoke.functional.LoginTest -->
