<?xml version="1.0" encoding="UTF-8"?>
<!-- Generated by org.testng.reporters.JUnitReportReporter -->
<testsuite hostname="DESKTOP-G6SQ24B" failures="0" tests="1" name="testscripts.smoke.ui.DashboardTest" time="17.077" errors="0" timestamp="2025-03-09T12:51:15 IST" skipped="0">
  <testcase classname="testscripts.smoke.ui.DashboardTest" name="verifyDashboardUiElements" time="17.077"/>
  <system-out/>
</testsuite> <!-- testscripts.smoke.ui.DashboardTest -->
