<?xml version="1.0" encoding="UTF-8"?>
<!-- Generated by org.testng.reporters.JUnitReportReporter -->
<testsuite hostname="DESKTOP-G6SQ24B" failures="0" tests="6" name="testscripts.smoke.functional.CreateQuestionTest" time="226.847" errors="0" timestamp="2025-03-09T12:51:15 IST" skipped="0">
  <testcase classname="testscripts.smoke.functional.CreateQuestionTest" name="verifyCreateQuestionDataDriven" time="36.875"/>
  <system-out/>
  <testcase classname="testscripts.smoke.functional.CreateQuestionTest" name="verifyCreateQuestionDataDriven" time="40.582"/>
  <system-out/>
  <testcase classname="testscripts.smoke.functional.CreateQuestionTest" name="verifyCreateQuestionDataDriven" time="36.194"/>
  <system-out/>
  <testcase classname="testscripts.smoke.functional.CreateQuestionTest" name="verifyCreateQuestion" time="45.467"/>
  <system-out/>
  <testcase classname="testscripts.smoke.functional.CreateQuestionTest" name="verifyCreateQuestionDataDriven" time="40.849"/>
  <system-out/>
  <testcase classname="testscripts.smoke.functional.CreateQuestionTest" name="verifyCreateQuestionDataDriven" time="26.880"/>
  <system-out/>
</testsuite> <!-- testscripts.smoke.functional.CreateQuestionTest -->
